INFO:kivy:deps: Successfully imported "kivy_deps.angle" 0.4.0
INFO:kivy:Logger: Record log in C:\Users\Kas\.kivy\logs\kivy_25-05-29_0.txt
INFO:kivy:deps: Successfully imported "kivy_deps.glew" 0.3.1
INFO:kivy:deps: Successfully imported "kivy_deps.sdl2" 0.8.0
INFO:kivy:Kivy: v2.3.1
INFO:kivy:Kivy: Installed at "D:\FingerPrintApp\kivy_venv\lib\site-packages\kivy\__init__.py"
INFO:kivy:Python: v3.9.13 (tags/v3.9.13:6de2ca5, May 17 2022, 16:36:42) [MSC v.1929 64 bit (AMD64)]
INFO:kivy:Python: Interpreter at "D:\FingerPrintApp\kivy_venv\Scripts\python.exe"
INFO:kivy:Logger: Purge log fired. Processing...
INFO:kivy:Logger: Purge finished!
INFO:kivy:Factory: 195 symbols loaded
INFO:kivy:Image: Providers: img_tex, img_dds, img_sdl2, img_pil (img_ffpyplayer ignored)
INFO:kivy:Window: Provider: sdl2
INFO:kivy:GL: Using the "OpenGL" graphics system
INFO:kivy:GL: GLEW initialization succeeded
INFO:kivy:GL: Backend used <glew>
INFO:kivy:GL: OpenGL version <b'4.6.0 NVIDIA 560.94'>
INFO:kivy:GL: OpenGL vendor <b'NVIDIA Corporation'>
INFO:kivy:GL: OpenGL renderer <b'NVIDIA GeForce GTX 1080/PCIe/SSE2'>
INFO:kivy:GL: OpenGL parsed version: 4, 6
INFO:kivy:GL: Shading version <b'4.60 NVIDIA'>
INFO:kivy:GL: Texture max size <32768>
INFO:kivy:GL: Texture max units <32>
INFO:kivy:Window: auto add sdl2 input provider
INFO:kivy:Window: virtual keyboard not allowed, single mode, not docked
INFO:kivy:Text: Provider: sdl2
INFO:kivy:GL: NPOT texture support is available
WARNING:kivy:Deprecated property "<BooleanProperty name=allow_stretch>" of object "<kivy.uix.image.Image object at 0x000001A9ED051F90>" has been set, it will be removed in a future version
WARNING:kivy:Deprecated property "<BooleanProperty name=keep_ratio>" of object "<kivy.uix.image.Image object at 0x000001A9ED051F90>" was accessed, it will be removed in a future version
INFO:kivy:Base: Start application main loop
INFO:kivy:Base: Leaving application in progress...
